[0m12:49:30.396017 [debug] [MainThread]: Sending event: {'category': 'dbt', 'action': 'invocation', 'label': 'start', 'context': [<snowplow_tracker.self_describing_json.SelfDescribingJson object at 0x0000012F2B8D0800>, <snowplow_tracker.self_describing_json.SelfDescribingJson object at 0x0000012F2ABD8800>, <snowplow_tracker.self_describing_json.SelfDescribingJson object at 0x0000012F281AE690>]}


============================== 12:49:30.404017 | 6d8a0ce6-ae6a-4b0b-bb7d-32f438980177 ==============================
[0m12:49:30.404017 [info ] [MainThread]: Running with dbt=1.9.1
[0m12:49:30.405018 [debug] [MainThread]: running dbt with arguments {'printer_width': '80', 'indirect_selection': 'eager', 'log_cache_events': 'False', 'write_json': 'True', 'partial_parse': 'True', 'cache_selected_only': 'False', 'profiles_dir': 'C:\\Users\\PCP\\.dbt', 'version_check': 'True', 'fail_fast': 'False', 'log_path': 'logs', 'debug': 'False', 'warn_error': 'None', 'use_colors': 'True', 'use_experimental_parser': 'False', 'no_print': 'None', 'quiet': 'False', 'empty': 'None', 'warn_error_options': 'WarnErrorOptions(include=[], exclude=[])', 'invocation_command': 'dbt init', 'static_parser': 'True', 'log_format': 'default', 'target_path': 'None', 'introspect': 'True', 'send_anonymous_usage_stats': 'True'}
[0m12:49:30.496015 [warn ] [MainThread]: [ConfigFolderDirectory]: Unable to parse logging event dictionary. Failed to parse dir field: expected string or bytes-like object, got 'WindowsPath'.. Dictionary: {'dir': WindowsPath('C:/Users/PCP/.dbt')}
[0m12:49:30.498017 [info ] [MainThread]: Creating dbt configuration folder at 
[0m12:49:44.296367 [debug] [MainThread]: Starter project path: C:\Users\PCP\Documents\repositorios_git\slow_changing_dimension\.venv\Lib\site-packages\dbt\include\starter_project
[0m12:49:44.330038 [info ] [MainThread]: 
Your new dbt project "scd2" was created!

For more information on how to configure the profiles.yml file,
please consult the dbt documentation here:

  https://docs.getdbt.com/docs/configure-your-profile

One more thing:

Need help? Don't hesitate to reach out to us via GitHub issues or on Slack:

  https://community.getdbt.com/

Happy modeling!

[0m12:49:44.333485 [info ] [MainThread]: Setting up your profile.
[0m12:51:34.893274 [info ] [MainThread]: Profile scd2 written to C:\Users\PCP\.dbt\profiles.yml using target's profile_template.yml and your supplied values. Run 'dbt debug' to validate the connection.
[0m12:51:34.895277 [debug] [MainThread]: Command `dbt init` succeeded at 12:51:34.895277 after 124.80 seconds
[0m12:51:34.896274 [debug] [MainThread]: Sending event: {'category': 'dbt', 'action': 'invocation', 'label': 'end', 'context': [<snowplow_tracker.self_describing_json.SelfDescribingJson object at 0x0000012F2B3BA6C0>, <snowplow_tracker.self_describing_json.SelfDescribingJson object at 0x0000012F2B3B9F40>, <snowplow_tracker.self_describing_json.SelfDescribingJson object at 0x0000012F2BC0BA70>]}
[0m12:51:34.897275 [debug] [MainThread]: Flushing usage events
[0m12:51:36.197660 [debug] [MainThread]: An error was encountered while trying to flush usage events
